<?xml version="1.0" encoding="UTF-8"?>
<!-- Generated by org.testng.reporters.JUnitReportReporter -->
<testsuite hostname="sr18" name="demo.NewTest" tests="1" failures="0" timestamp="4 Apr 2020 14:41:31 GMT" time="0.774" errors="0">
  <testcase name="ExtentReport" time="0.774" classname="demo.NewTest"/>
</testsuite> <!-- demo.NewTest -->
